<?xml version="1.0" encoding="UTF-8"?>
<!-- Generated by org.testng.reporters.JUnitXMLReporter -->
<testsuite hostname="DESKTOP-9GTK2I1" ignored="0" name="Default test" tests="3" failures="0" timestamp="28 May 2019 22:13:26 GMT" time="0.053" errors="0">
  <testcase name="multiply" time="0.012" classname="MavenTest.MavenTestP.MavpracTest"/>
  <testcase name="sub" time="0.002" classname="MavenTest.MavenTestP.MavpracTest"/>
  <testcase name="sum" time="0.001" classname="MavenTest.MavenTestP.MavpracTest"/>
</testsuite> <!-- Default test -->
