<?xml version="1.0" encoding="UTF-8"?>
<testng-results skipped="0" failed="0" ignored="0" total="2" passed="2">
  <reporter-output>
  </reporter-output>
  <suite name="Surefire suite" duration-ms="31" started-at="2019-05-07T23:33:31Z" finished-at="2019-05-07T23:33:31Z">
    <groups>
    </groups>
    <test name="Surefire test" duration-ms="31" started-at="2019-05-07T23:33:31Z" finished-at="2019-05-07T23:33:31Z">
      <class name="MavenTest.MavenTestP.MavpracTest">
        <test-method status="PASS" signature="sub()[pri:0, instance:MavenTest.MavenTestP.MavpracTest@2d3fcdbd]" name="sub" duration-ms="4" started-at="2019-05-07T23:33:31Z" finished-at="2019-05-07T23:33:31Z">
          <reporter-output>
          </reporter-output>
        </test-method> <!-- sub -->
        <test-method status="PASS" signature="sum()[pri:0, instance:MavenTest.MavenTestP.MavpracTest@2d3fcdbd]" name="sum" duration-ms="0" started-at="2019-05-07T23:33:31Z" finished-at="2019-05-07T23:33:31Z">
          <reporter-output>
          </reporter-output>
        </test-method> <!-- sum -->
      </class> <!-- MavenTest.MavenTestP.MavpracTest -->
    </test> <!-- Surefire test -->
  </suite> <!-- Surefire suite -->
</testng-results>
