<?xml version="1.0" encoding="UTF-8"?>
<testng-results skipped="0" failed="0" ignored="0" total="3" passed="3">
  <reporter-output>
  </reporter-output>
  <suite name="Default suite" duration-ms="53" started-at="2019-05-28T22:13:25Z" finished-at="2019-05-28T22:13:26Z">
    <groups>
    </groups>
    <test name="Default test" duration-ms="53" started-at="2019-05-28T22:13:25Z" finished-at="2019-05-28T22:13:26Z">
      <class name="MavenTest.MavenTestP.MavpracTest">
        <test-method status="PASS" signature="multiply()[pri:0, instance:MavenTest.MavenTestP.MavpracTest@6a41eaa2]" name="multiply" duration-ms="12" started-at="2019-05-28T22:13:26Z" finished-at="2019-05-28T22:13:26Z">
          <reporter-output>
          </reporter-output>
        </test-method> <!-- multiply -->
        <test-method status="PASS" signature="sub()[pri:0, instance:MavenTest.MavenTestP.MavpracTest@6a41eaa2]" name="sub" duration-ms="2" started-at="2019-05-28T22:13:26Z" finished-at="2019-05-28T22:13:26Z">
          <reporter-output>
          </reporter-output>
        </test-method> <!-- sub -->
        <test-method status="PASS" signature="sum()[pri:0, instance:MavenTest.MavenTestP.MavpracTest@6a41eaa2]" name="sum" duration-ms="1" started-at="2019-05-28T22:13:26Z" finished-at="2019-05-28T22:13:26Z">
          <reporter-output>
          </reporter-output>
        </test-method> <!-- sum -->
      </class> <!-- MavenTest.MavenTestP.MavpracTest -->
    </test> <!-- Default test -->
  </suite> <!-- Default suite -->
</testng-results>
