<?xml version="1.0" encoding="UTF-8"?>
<testng-results skipped="0" failed="0" ignored="0" total="2" passed="2">
  <reporter-output>
  </reporter-output>
  <suite name="Default suite" duration-ms="35" started-at="2019-05-07T22:21:29Z" finished-at="2019-05-07T22:21:29Z">
    <groups>
    </groups>
    <test name="Default test" duration-ms="35" started-at="2019-05-07T22:21:29Z" finished-at="2019-05-07T22:21:29Z">
      <class name="MavenTest.MavenTestP.Mavprac">
        <test-method status="PASS" signature="sub()[pri:0, instance:MavenTest.MavenTestP.Mavprac@5622fdf]" name="sub" duration-ms="9" started-at="2019-05-07T22:21:29Z" finished-at="2019-05-07T22:21:29Z">
          <reporter-output>
          </reporter-output>
        </test-method> <!-- sub -->
        <test-method status="PASS" signature="sum()[pri:0, instance:MavenTest.MavenTestP.Mavprac@5622fdf]" name="sum" duration-ms="1" started-at="2019-05-07T22:21:29Z" finished-at="2019-05-07T22:21:29Z">
          <reporter-output>
          </reporter-output>
        </test-method> <!-- sum -->
      </class> <!-- MavenTest.MavenTestP.Mavprac -->
    </test> <!-- Default test -->
  </suite> <!-- Default suite -->
</testng-results>
